<?xml version="1.0" encoding="UTF-8"?>
<!-- Generated by org.testng.reporters.JUnitReportReporter -->
<testsuite hostname="del1-lhp-n77069" failures="0" tests="1" name="com.digitalacademy.testpage.HomePageTest" time="0.014" errors="0" timestamp="2022-12-17T15:04:51 IST" skipped="0">
  <testcase classname="com.digitalacademy.testpage.HomePageTest" name="verifyHomepage" time="0.014"/>
  <system-out/>
</testsuite> <!-- com.digitalacademy.testpage.HomePageTest -->
